<?xml version="1.0" encoding="utf-8" standalone="no"?>
<!--This file represents the results of running a test suite-->
<test-results name="C:\Users\wescleymartins\Documents\Workspace\desafio_lemoney\bin\Debug\Desafio_lemoney.dll" total="3" errors="0" failures="0" not-run="0" inconclusive="0" ignored="0" skipped="0" invalid="0" date="2021-02-15" time="17:09:05">
  <environment nunit-version="3.6.0.0" clr-version="4.0.30319.42000" os-version="Microsoft Windows NT 6.2.9200.0" platform="Win32NT" cwd="C:\Users\wescleymartins\Documents\Workspace\desafio_lemoney" machine-name="NBRJ027503" user="wescleymartins" user-domain="BRQ" />
  <culture-info current-culture="pt-BR" current-uiculture="pt-BR" />
  <test-suite type="Assembly" name="C:\Users\wescleymartins\Documents\Workspace\desafio_lemoney\bin\Debug\Desafio_lemoney.dll" executed="True" result="Success" success="True" time="69.669" asserts="9">
    <properties>
      <property name="_PID" value="26440" />
      <property name="_APPDOMAIN" value="domain-" />
    </properties>
    <results>
      <test-suite type="TestSuite" name="Desafio_lemoney" executed="True" result="Success" success="True" time="69.649" asserts="9">
        <results>
          <test-suite type="TestSuite" name="Features" executed="True" result="Success" success="True" time="69.649" asserts="9">
            <results>
              <test-suite type="TestFixture" name="AutomationPracticeFeature" description="Automation Practice" executed="True" result="Success" success="True" time="69.646" asserts="9">
                <properties>
                  <property name="Description" value="Automation Practice" />
                </properties>
                <results>
                  <test-suite type="ParameterizedTest" name="AdicionarOItemT_ShirtNoCarrinhoDeCompras" description="Adicionar o item T-shirt no carrinho de compras" executed="True" result="Success" success="True" time="44.909" asserts="8">
                    <properties>
                      <property name="Description" value="Adicionar o item T-shirt no carrinho de compras" />
                    </properties>
                    <results>
                      <test-case name="Desafio_lemoney.Features.AutomationPracticeFeature.AdicionarOItemT_ShirtNoCarrinhoDeCompras(&quot;T-shirt&quot;,&quot;Product successfully added to your shopping cart&quot;,null)" executed="True" result="Success" success="True" time="22.303" asserts="4" />
                      <test-case name="Desafio_lemoney.Features.AutomationPracticeFeature.AdicionarOItemT_ShirtNoCarrinhoDeCompras(&quot;Blouse&quot;,&quot;Product successfully added to your shopping cart&quot;,null)" executed="True" result="Success" success="True" time="22.597" asserts="4" />
                    </results>
                  </test-suite>
                  <test-case name="Desafio_lemoney.Features.AutomationPracticeFeature.ValidarPesquisaPeloItemT_Shirt" description="Validar pesquisa pelo item T-shirt" executed="True" result="Success" success="True" time="24.260" asserts="1">
                    <properties>
                      <property name="Description" value="Validar pesquisa pelo item T-shirt" />
                    </properties>
                  </test-case>
                </results>
              </test-suite>
            </results>
          </test-suite>
        </results>
      </test-suite>
    </results>
  </test-suite>
</test-results>